<?xml version="1.0" encoding="UTF-8"?>
<!-- Generated by org.testng.reporters.JUnitXMLReporter -->
<testsuite hostname="DESKTOP-CTUFDT2" ignored="1" name="Submit Order Tests" tests="2" failures="0" timestamp="27 Nov 2022 16:23:55 GMT" time="49.063" errors="0">
  <testcase name="SubmitOrder" time="16.543" classname="learningspace.tests.SubmitOrderTest"/>
  <testcase name="SubmitOrder" time="16.934" classname="learningspace.tests.SubmitOrderTest"/>
  <testcase name="VerifyOrder" time="0.0" classname="learningspace.tests.SubmitOrderTest">
    <ignored/>
  </testcase> <!-- VerifyOrder -->
</testsuite> <!-- Submit Order Tests -->
