<?xml version="1.0" encoding="UTF-8"?>
<!-- Generated by org.testng.reporters.JUnitXMLReporter -->
<testsuite hostname="DESKTOP-CTUFDT2" ignored="2" tests="0" failures="0" timestamp="26 Nov 2022 21:47:44 GMT" time="0.003" errors="0">
  <testcase name="VerifyOrder" time="0.0" classname="learningspace.tests.SubmitOrderTest">
    <ignored/>
  </testcase> <!-- VerifyOrder -->
  <testcase name="SubmitOrder" time="0.0" classname="learningspace.tests.SubmitOrderTest">
    <ignored/>
  </testcase> <!-- SubmitOrder -->
</testsuite>
