<?xml version="1.0" encoding="UTF-8"?>
<testng-results skipped="0" failed="0" ignored="2" total="3" passed="1">
  <reporter-output>
  </reporter-output>
  <suite name="ShoppingCart" duration-ms="8922" started-at="2022-11-26T21:47:44Z" finished-at="2022-11-26T21:47:53Z">
    <groups>
      <group name="ErrorHandling">
        <method signature="ErrorValidationTests.LoginErrorValidation()[pri:0, instance:learningspace.tests.ErrorValidationTests@7d907bac]" name="LoginErrorValidation" class="learningspace.tests.ErrorValidationTests"/>
      </group> <!-- ErrorHandling -->
    </groups>
    <test name="Submit Order Tests" duration-ms="3" started-at="2022-11-26T21:47:44Z" finished-at="2022-11-26T21:47:44Z">
    </test> <!-- Submit Order Tests -->
    <test name="Error Validation Tests" duration-ms="8922" started-at="2022-11-26T21:47:44Z" finished-at="2022-11-26T21:47:53Z">
      <class name="learningspace.tests.ErrorValidationTests">
        <test-method status="PASS" signature="LaunchApplication()[pri:0, instance:learningspace.tests.ErrorValidationTests@7d907bac]" name="LaunchApplication" is-config="true" duration-ms="7912" started-at="2022-11-26T21:47:44Z" finished-at="2022-11-26T21:47:52Z">
          <reporter-output>
          </reporter-output>
        </test-method> <!-- LaunchApplication -->
        <test-method status="PASS" signature="LoginErrorValidation()[pri:0, instance:learningspace.tests.ErrorValidationTests@7d907bac]" name="LoginErrorValidation" duration-ms="828" started-at="2022-11-26T21:47:52Z" finished-at="2022-11-26T21:47:53Z">
          <reporter-output>
          </reporter-output>
        </test-method> <!-- LoginErrorValidation -->
        <test-method status="PASS" signature="TearDown()[pri:0, instance:learningspace.tests.ErrorValidationTests@7d907bac]" name="TearDown" is-config="true" duration-ms="161" started-at="2022-11-26T21:47:53Z" finished-at="2022-11-26T21:47:53Z">
          <reporter-output>
          </reporter-output>
        </test-method> <!-- TearDown -->
      </class> <!-- learningspace.tests.ErrorValidationTests -->
    </test> <!-- Error Validation Tests -->
  </suite> <!-- ShoppingCart -->
</testng-results>
